<?xml version="1.0" encoding="UTF-8"?>
<!-- Generated by org.testng.reporters.JUnitReportReporter -->
<testsuite hostname="cristina" failures="0" tests="2" name="com.scratch.HomePage" time="0.013" errors="0" timestamp="29 Aug 2020 00:12:07 GMT" skipped="0">
  <testcase classname="com.scratch.HomePage" name="testTitle" time="0.005"/>
  <testcase classname="com.scratch.HomePage" name="testCurrentUrl" time="0.008"/>
</testsuite> <!-- com.scratch.HomePage -->
