<?xml version="1.0" encoding="UTF-8"?>
<!-- Generated by org.testng.reporters.JUnitReportReporter -->
<testsuite hostname="cristina" failures="0" tests="1" name="com.selenium.basic.InvokeOtherBrowsers" time="6.314" errors="0" timestamp="29 Aug 2020 00:12:07 GMT" skipped="0">
  <testcase classname="com.selenium.basic.InvokeOtherBrowsers" name="verifyHomePage" time="6.314"/>
</testsuite> <!-- com.selenium.basic.InvokeOtherBrowsers -->
