<?xml version="1.0" encoding="UTF-8"?>
<!-- Generated by org.testng.reporters.JUnitReportReporter -->
<testsuite hostname="cristina" failures="0" tests="1" name="com.selenium.basic.InvokeBrowserDynamically" time="8.832" errors="0" timestamp="29 Aug 2020 00:12:07 GMT" skipped="0">
  <testcase classname="com.selenium.basic.InvokeBrowserDynamically" name="verifyHomePage" time="8.832"/>
</testsuite> <!-- com.selenium.basic.InvokeBrowserDynamically -->
